2017-12-15 21:00:06,519 - SimpleLog4JLogSystem initialized using logfile 'velocity.log'
2017-12-15 21:00:06,519 - ************************************************************** 
2017-12-15 21:00:06,520 - Starting Jakarta Velocity v1.4
2017-12-15 21:00:06,520 - RuntimeInstance initializing.
2017-12-15 21:00:06,520 - Default Properties File: org\apache\velocity\runtime\defaults\velocity.properties
2017-12-15 21:00:06,520 - Trying to use logger class org.apache.velocity.runtime.log.SimpleLog4JLogSystem
2017-12-15 21:00:06,520 - Using logger class org.apache.velocity.runtime.log.SimpleLog4JLogSystem
2017-12-15 21:00:06,525 - Default ResourceManager initializing. (class org.apache.velocity.runtime.resource.ResourceManagerImpl)
2017-12-15 21:00:06,530 - Resource Loader Instantiated: org.apache.velocity.runtime.resource.loader.ClasspathResourceLoader
2017-12-15 21:00:06,531 - ClasspathResourceLoader : initialization starting.
2017-12-15 21:00:06,531 - ClasspathResourceLoader : initialization complete.
2017-12-15 21:00:06,534 - ResourceCache : initialized. (class org.apache.velocity.runtime.resource.ResourceCacheImpl)
2017-12-15 21:00:06,535 - Default ResourceManager initialization complete.
2017-12-15 21:00:06,540 - Loaded System Directive: org.apache.velocity.runtime.directive.Literal
2017-12-15 21:00:06,543 - Loaded System Directive: org.apache.velocity.runtime.directive.Macro
2017-12-15 21:00:06,548 - Loaded System Directive: org.apache.velocity.runtime.directive.Parse
2017-12-15 21:00:06,551 - Loaded System Directive: org.apache.velocity.runtime.directive.Include
2017-12-15 21:00:06,553 - Loaded System Directive: org.apache.velocity.runtime.directive.Foreach
2017-12-15 21:00:06,601 - Created: 20 parsers.
2017-12-15 21:00:06,616 - Velocimacro : initialization starting.
2017-12-15 21:00:06,616 - Velocimacro : adding VMs from VM library template : VM_global_library.vm
2017-12-15 21:00:06,636 - ResourceManager : unable to find resource 'VM_global_library.vm' in any resource loader.
2017-12-15 21:00:06,636 - Velocimacro : error using  VM library template VM_global_library.vm : org.apache.velocity.exception.ResourceNotFoundException: Unable to find resource 'VM_global_library.vm'
2017-12-15 21:00:06,636 - Velocimacro :  VM library template macro registration complete.
2017-12-15 21:00:06,637 - Velocimacro : allowInline = true : VMs can be defined inline in templates
2017-12-15 21:00:06,637 - Velocimacro : allowInlineToOverride = false : VMs defined inline may NOT replace previous VM definitions
2017-12-15 21:00:06,637 - Velocimacro : allowInlineLocal = false : VMs defined inline will be  global in scope if allowed.
2017-12-15 21:00:06,637 - Velocimacro : messages on  : VM system will output logging messages
2017-12-15 21:00:06,637 - Velocimacro : autoload off  : VM system will not automatically reload global library macros
2017-12-15 21:00:06,637 - Velocimacro : initialization complete.
2017-12-15 21:00:06,637 - Velocity successfully started.
